app/build/intermediates/manifest_merge_blame_file/debug/manifest-merger-blame-debug-report.txt
1<?xml version="1.0" encoding="utf-8"?>
2<manifest xmlns:android="http://schemas.android.com/apk/res/android"
3    package="in.exploreit.slc"
4    android:versionCode="1"
5    android:versionName="1.0" >
6
7    <uses-sdk
8        android:minSdkVersion="23"
8-->src\main\AndroidManifest.xml
9        android:targetSdkVersion="31" />
9-->src\main\AndroidManifest.xml
10
11    <uses-permission android:name="android.permission.ACCESS_NETWORK_STATE" />
11-->[com.firebaseui:firebase-ui-auth:8.0.0] AndroidManifest.xml:10:5-79
11-->[com.firebaseui:firebase-ui-auth:8.0.0] AndroidManifest.xml:10:22-76
12    <uses-permission android:name="android.permission.INTERNET" />
12-->[com.firebaseui:firebase-ui-auth:8.0.0] AndroidManifest.xml:11:5-67
12-->[com.firebaseui:firebase-ui-auth:8.0.0] AndroidManifest.xml:11:22-64
13
14    <application
14-->src\main\AndroidManifest.xml:5:5-20:19
15        android:allowBackup="true"
15-->src\main\AndroidManifest.xml:6:9-35
16        android:appComponentFactory="androidx.core.app.CoreComponentFactory"
16-->[androidx.core:core:1.7.0] AndroidManifest.xml:24:18-86
17        android:debuggable="true"
18        android:extractNativeLibs="false"
19        android:icon="@mipmap/ic_launcher"
19-->src\main\AndroidManifest.xml:7:9-43
20        android:label="@string/app_name"
20-->src\main\AndroidManifest.xml:8:9-41
21        android:roundIcon="@mipmap/ic_launcher_round"
21-->src\main\AndroidManifest.xml:9:9-54
22        android:supportsRtl="true"
22-->src\main\AndroidManifest.xml:10:9-35
23        android:testOnly="true"
24        android:theme="@style/Theme.App.SplashScreen" >
24-->src\main\AndroidManifest.xml:11:9-54
25        <activity
25-->src\main\AndroidManifest.xml:12:9-19:20
26            android:name="in.exploreit.slc.MainActivity"
26-->src\main\AndroidManifest.xml:13:13-41
27            android:exported="true" >
27-->src\main\AndroidManifest.xml:14:13-36
28            <intent-filter>
28-->src\main\AndroidManifest.xml:15:13-18:29
29                <action android:name="android.intent.action.MAIN" />
29-->src\main\AndroidManifest.xml:16:17-69
29-->src\main\AndroidManifest.xml:16:25-66
30
31                <category android:name="android.intent.category.LAUNCHER" />
31-->src\main\AndroidManifest.xml:17:17-77
31-->src\main\AndroidManifest.xml:17:27-74
32            </intent-filter>
33        </activity>
34
35        <meta-data
35-->[com.firebaseui:firebase-ui-auth:8.0.0] AndroidManifest.xml:14:9-16:69
36            android:name="com.google.android.gms.version"
36-->[com.firebaseui:firebase-ui-auth:8.0.0] AndroidManifest.xml:15:13-58
37            android:value="@integer/google_play_services_version" />
37-->[com.firebaseui:firebase-ui-auth:8.0.0] AndroidManifest.xml:16:13-66
38        <meta-data
38-->[com.firebaseui:firebase-ui-auth:8.0.0] AndroidManifest.xml:17:9-19:63
39            android:name="com.facebook.sdk.ApplicationId"
39-->[com.firebaseui:firebase-ui-auth:8.0.0] AndroidManifest.xml:18:13-58
40            android:value="@string/facebook_application_id" />
40-->[com.firebaseui:firebase-ui-auth:8.0.0] AndroidManifest.xml:19:13-60
41
42        <activity
42-->[com.firebaseui:firebase-ui-auth:8.0.0] AndroidManifest.xml:21:9-25:61
43            android:name="com.firebase.ui.auth.KickoffActivity"
43-->[com.firebaseui:firebase-ui-auth:8.0.0] AndroidManifest.xml:22:13-64
44            android:exported="false"
44-->[com.firebaseui:firebase-ui-auth:8.0.0] AndroidManifest.xml:23:13-37
45            android:label=""
45-->[com.firebaseui:firebase-ui-auth:8.0.0] AndroidManifest.xml:24:13-29
46            android:theme="@style/FirebaseUI.Transparent" />
46-->[com.firebaseui:firebase-ui-auth:8.0.0] AndroidManifest.xml:25:13-58
47        <activity
47-->[com.firebaseui:firebase-ui-auth:8.0.0] AndroidManifest.xml:26:9-30:61
48            android:name="com.firebase.ui.auth.ui.idp.SingleSignInActivity"
48-->[com.firebaseui:firebase-ui-auth:8.0.0] AndroidManifest.xml:27:13-76
49            android:exported="false"
49-->[com.firebaseui:firebase-ui-auth:8.0.0] AndroidManifest.xml:28:13-37
50            android:label=""
50-->[com.firebaseui:firebase-ui-auth:8.0.0] AndroidManifest.xml:29:13-29
51            android:theme="@style/FirebaseUI.Transparent" />
51-->[com.firebaseui:firebase-ui-auth:8.0.0] AndroidManifest.xml:30:13-58
52        <activity
52-->[com.firebaseui:firebase-ui-auth:8.0.0] AndroidManifest.xml:31:9-35:61
53            android:name="com.firebase.ui.auth.ui.credentials.CredentialSaveActivity"
53-->[com.firebaseui:firebase-ui-auth:8.0.0] AndroidManifest.xml:32:13-86
54            android:exported="false"
54-->[com.firebaseui:firebase-ui-auth:8.0.0] AndroidManifest.xml:33:13-37
55            android:label=""
55-->[com.firebaseui:firebase-ui-auth:8.0.0] AndroidManifest.xml:34:13-29
56            android:theme="@style/FirebaseUI.Transparent" />
56-->[com.firebaseui:firebase-ui-auth:8.0.0] AndroidManifest.xml:35:13-58
57        <activity
57-->[com.firebaseui:firebase-ui-auth:8.0.0] AndroidManifest.xml:36:9-40:58
58            android:name="com.firebase.ui.auth.ui.email.RecoverPasswordActivity"
58-->[com.firebaseui:firebase-ui-auth:8.0.0] AndroidManifest.xml:37:13-81
59            android:exported="false"
59-->[com.firebaseui:firebase-ui-auth:8.0.0] AndroidManifest.xml:38:13-37
60            android:label="@string/fui_title_recover_password_activity"
60-->[com.firebaseui:firebase-ui-auth:8.0.0] AndroidManifest.xml:39:13-72
61            android:windowSoftInputMode="adjustResize" />
61-->[com.firebaseui:firebase-ui-auth:8.0.0] AndroidManifest.xml:40:13-55
62        <activity
62-->[com.firebaseui:firebase-ui-auth:8.0.0] AndroidManifest.xml:41:9-45:58
63            android:name="com.firebase.ui.auth.ui.email.EmailActivity"
63-->[com.firebaseui:firebase-ui-auth:8.0.0] AndroidManifest.xml:42:13-71
64            android:exported="false"
64-->[com.firebaseui:firebase-ui-auth:8.0.0] AndroidManifest.xml:43:13-37
65            android:label="@string/fui_sign_in_default"
65-->[com.firebaseui:firebase-ui-auth:8.0.0] AndroidManifest.xml:44:13-56
66            android:windowSoftInputMode="adjustResize" />
66-->[com.firebaseui:firebase-ui-auth:8.0.0] AndroidManifest.xml:45:13-55
67        <activity
67-->[com.firebaseui:firebase-ui-auth:8.0.0] AndroidManifest.xml:46:9-50:77
68            android:name="com.firebase.ui.auth.ui.phone.PhoneActivity"
68-->[com.firebaseui:firebase-ui-auth:8.0.0] AndroidManifest.xml:47:13-71
69            android:exported="false"
69-->[com.firebaseui:firebase-ui-auth:8.0.0] AndroidManifest.xml:48:13-37
70            android:label="@string/fui_sign_in_with_phone_number"
70-->[com.firebaseui:firebase-ui-auth:8.0.0] AndroidManifest.xml:49:13-66
71            android:windowSoftInputMode="adjustResize|stateAlwaysVisible" />
71-->[com.firebaseui:firebase-ui-auth:8.0.0] AndroidManifest.xml:50:13-74
72        <activity
72-->[com.firebaseui:firebase-ui-auth:8.0.0] AndroidManifest.xml:51:9-55:58
73            android:name="com.firebase.ui.auth.ui.idp.WelcomeBackIdpPrompt"
73-->[com.firebaseui:firebase-ui-auth:8.0.0] AndroidManifest.xml:52:13-76
74            android:exported="false"
74-->[com.firebaseui:firebase-ui-auth:8.0.0] AndroidManifest.xml:53:13-37
75            android:label="@string/fui_title_welcome_back_idp_prompt"
75-->[com.firebaseui:firebase-ui-auth:8.0.0] AndroidManifest.xml:54:13-70
76            android:windowSoftInputMode="adjustResize" />
76-->[com.firebaseui:firebase-ui-auth:8.0.0] AndroidManifest.xml:55:13-55
77        <activity
77-->[com.firebaseui:firebase-ui-auth:8.0.0] AndroidManifest.xml:56:9-60:58
78            android:name="com.firebase.ui.auth.ui.email.WelcomeBackPasswordPrompt"
78-->[com.firebaseui:firebase-ui-auth:8.0.0] AndroidManifest.xml:57:13-83
79            android:exported="false"
79-->[com.firebaseui:firebase-ui-auth:8.0.0] AndroidManifest.xml:58:13-37
80            android:label="@string/fui_title_welcome_back_password_prompt"
80-->[com.firebaseui:firebase-ui-auth:8.0.0] AndroidManifest.xml:59:13-75
81            android:windowSoftInputMode="adjustResize" />
81-->[com.firebaseui:firebase-ui-auth:8.0.0] AndroidManifest.xml:60:13-55
82        <activity
82-->[com.firebaseui:firebase-ui-auth:8.0.0] AndroidManifest.xml:61:9-65:58
83            android:name="com.firebase.ui.auth.ui.email.WelcomeBackEmailLinkPrompt"
83-->[com.firebaseui:firebase-ui-auth:8.0.0] AndroidManifest.xml:62:13-84
84            android:exported="false"
84-->[com.firebaseui:firebase-ui-auth:8.0.0] AndroidManifest.xml:63:13-37
85            android:label="@string/fui_title_welcome_back_password_prompt"
85-->[com.firebaseui:firebase-ui-auth:8.0.0] AndroidManifest.xml:64:13-75
86            android:windowSoftInputMode="adjustResize" />
86-->[com.firebaseui:firebase-ui-auth:8.0.0] AndroidManifest.xml:65:13-55
87        <activity
87-->[com.firebaseui:firebase-ui-auth:8.0.0] AndroidManifest.xml:66:9-71:58
88            android:name="com.firebase.ui.auth.ui.email.EmailLinkCatcherActivity"
88-->[com.firebaseui:firebase-ui-auth:8.0.0] AndroidManifest.xml:67:13-82
89            android:exported="false"
89-->[com.firebaseui:firebase-ui-auth:8.0.0] AndroidManifest.xml:68:13-37
90            android:label=""
90-->[com.firebaseui:firebase-ui-auth:8.0.0] AndroidManifest.xml:69:13-29
91            android:theme="@style/FirebaseUI.Transparent"
91-->[com.firebaseui:firebase-ui-auth:8.0.0] AndroidManifest.xml:70:13-58
92            android:windowSoftInputMode="adjustResize" />
92-->[com.firebaseui:firebase-ui-auth:8.0.0] AndroidManifest.xml:71:13-55
93        <activity
93-->[com.firebaseui:firebase-ui-auth:8.0.0] AndroidManifest.xml:72:9-76:58
94            android:name="com.firebase.ui.auth.ui.email.EmailLinkErrorRecoveryActivity"
94-->[com.firebaseui:firebase-ui-auth:8.0.0] AndroidManifest.xml:73:13-88
95            android:exported="false"
95-->[com.firebaseui:firebase-ui-auth:8.0.0] AndroidManifest.xml:74:13-37
96            android:label="@string/fui_sign_in_default"
96-->[com.firebaseui:firebase-ui-auth:8.0.0] AndroidManifest.xml:75:13-56
97            android:windowSoftInputMode="adjustResize" />
97-->[com.firebaseui:firebase-ui-auth:8.0.0] AndroidManifest.xml:76:13-55
98        <activity
98-->[com.firebaseui:firebase-ui-auth:8.0.0] AndroidManifest.xml:77:9-80:65
99            android:name="com.firebase.ui.auth.ui.idp.AuthMethodPickerActivity"
99-->[com.firebaseui:firebase-ui-auth:8.0.0] AndroidManifest.xml:78:13-80
100            android:exported="false"
100-->[com.firebaseui:firebase-ui-auth:8.0.0] AndroidManifest.xml:79:13-37
101            android:label="@string/fui_default_toolbar_title" />
101-->[com.firebaseui:firebase-ui-auth:8.0.0] AndroidManifest.xml:80:13-62
102        <activity
102-->[com.firebaseui:firebase-ui-auth:8.0.0] AndroidManifest.xml:81:9-85:48
103            android:name="com.facebook.FacebookActivity"
103-->[com.firebaseui:firebase-ui-auth:8.0.0] AndroidManifest.xml:82:13-57
104            android:configChanges="keyboard|keyboardHidden|screenLayout|screenSize|orientation"
104-->[com.firebaseui:firebase-ui-auth:8.0.0] AndroidManifest.xml:83:13-96
105            android:label="@string/app_name" />
105-->[com.firebaseui:firebase-ui-auth:8.0.0] AndroidManifest.xml:84:13-45
106        <activity
106-->[com.firebaseui:firebase-ui-auth:8.0.0] AndroidManifest.xml:86:9-98:20
107            android:name="com.facebook.CustomTabActivity"
107-->[com.firebaseui:firebase-ui-auth:8.0.0] AndroidManifest.xml:87:13-58
108            android:exported="true" >
108-->[com.firebaseui:firebase-ui-auth:8.0.0] AndroidManifest.xml:88:13-36
109            <intent-filter>
109-->[com.firebaseui:firebase-ui-auth:8.0.0] AndroidManifest.xml:90:13-97:29
110                <action android:name="android.intent.action.VIEW" />
110-->[com.firebaseui:firebase-ui-auth:8.0.0] AndroidManifest.xml:91:17-69
110-->[com.firebaseui:firebase-ui-auth:8.0.0] AndroidManifest.xml:91:25-66
111
112                <category android:name="android.intent.category.DEFAULT" />
112-->[com.firebaseui:firebase-ui-auth:8.0.0] AndroidManifest.xml:93:17-76
112-->[com.firebaseui:firebase-ui-auth:8.0.0] AndroidManifest.xml:93:27-73
113                <category android:name="android.intent.category.BROWSABLE" />
113-->[com.firebaseui:firebase-ui-auth:8.0.0] AndroidManifest.xml:94:17-78
113-->[com.firebaseui:firebase-ui-auth:8.0.0] AndroidManifest.xml:94:27-75
114
115                <data android:scheme="@string/facebook_login_protocol_scheme" />
115-->[com.firebaseui:firebase-ui-auth:8.0.0] AndroidManifest.xml:96:17-81
115-->[com.firebaseui:firebase-ui-auth:8.0.0] AndroidManifest.xml:96:23-78
116            </intent-filter>
117        </activity>
118
119        <provider
119-->[com.firebaseui:firebase-ui-auth:8.0.0] AndroidManifest.xml:100:9-104:38
120            android:name="com.firebase.ui.auth.data.client.AuthUiInitProvider"
120-->[com.firebaseui:firebase-ui-auth:8.0.0] AndroidManifest.xml:101:13-79
121            android:authorities="in.exploreit.slc.authuiinitprovider"
121-->[com.firebaseui:firebase-ui-auth:8.0.0] AndroidManifest.xml:102:13-70
122            android:exported="false"
122-->[com.firebaseui:firebase-ui-auth:8.0.0] AndroidManifest.xml:103:13-37
123            android:initOrder="90" />
123-->[com.firebaseui:firebase-ui-auth:8.0.0] AndroidManifest.xml:104:13-35
124
125        <activity
125-->[com.google.firebase:firebase-auth:21.0.1] AndroidManifest.xml:27:9-44:20
126            android:name="com.google.firebase.auth.internal.GenericIdpActivity"
126-->[com.google.firebase:firebase-auth:21.0.1] AndroidManifest.xml:28:13-80
127            android:excludeFromRecents="true"
127-->[com.google.firebase:firebase-auth:21.0.1] AndroidManifest.xml:29:13-46
128            android:exported="true"
128-->[com.google.firebase:firebase-auth:21.0.1] AndroidManifest.xml:30:13-36
129            android:launchMode="singleTask"
129-->[com.google.firebase:firebase-auth:21.0.1] AndroidManifest.xml:31:13-44
130            android:theme="@android:style/Theme.Translucent.NoTitleBar" >
130-->[com.google.firebase:firebase-auth:21.0.1] AndroidManifest.xml:32:13-72
131            <intent-filter>
131-->[com.google.firebase:firebase-auth:21.0.1] AndroidManifest.xml:33:13-43:29
132                <action android:name="android.intent.action.VIEW" />
132-->[com.firebaseui:firebase-ui-auth:8.0.0] AndroidManifest.xml:91:17-69
132-->[com.firebaseui:firebase-ui-auth:8.0.0] AndroidManifest.xml:91:25-66
133
134                <category android:name="android.intent.category.DEFAULT" />
134-->[com.firebaseui:firebase-ui-auth:8.0.0] AndroidManifest.xml:93:17-76
134-->[com.firebaseui:firebase-ui-auth:8.0.0] AndroidManifest.xml:93:27-73
135                <category android:name="android.intent.category.BROWSABLE" />
135-->[com.firebaseui:firebase-ui-auth:8.0.0] AndroidManifest.xml:94:17-78
135-->[com.firebaseui:firebase-ui-auth:8.0.0] AndroidManifest.xml:94:27-75
136
137                <data
137-->[com.firebaseui:firebase-ui-auth:8.0.0] AndroidManifest.xml:96:17-81
138                    android:host="firebase.auth"
139                    android:path="/"
140                    android:scheme="genericidp" />
140-->[com.firebaseui:firebase-ui-auth:8.0.0] AndroidManifest.xml:96:23-78
141            </intent-filter>
142        </activity>
143        <activity
143-->[com.google.firebase:firebase-auth:21.0.1] AndroidManifest.xml:45:9-62:20
144            android:name="com.google.firebase.auth.internal.RecaptchaActivity"
144-->[com.google.firebase:firebase-auth:21.0.1] AndroidManifest.xml:46:13-79
145            android:excludeFromRecents="true"
145-->[com.google.firebase:firebase-auth:21.0.1] AndroidManifest.xml:47:13-46
146            android:exported="true"
146-->[com.google.firebase:firebase-auth:21.0.1] AndroidManifest.xml:48:13-36
147            android:launchMode="singleTask"
147-->[com.google.firebase:firebase-auth:21.0.1] AndroidManifest.xml:49:13-44
148            android:theme="@android:style/Theme.Translucent.NoTitleBar" >
148-->[com.google.firebase:firebase-auth:21.0.1] AndroidManifest.xml:50:13-72
149            <intent-filter>
149-->[com.google.firebase:firebase-auth:21.0.1] AndroidManifest.xml:51:13-61:29
150                <action android:name="android.intent.action.VIEW" />
150-->[com.firebaseui:firebase-ui-auth:8.0.0] AndroidManifest.xml:91:17-69
150-->[com.firebaseui:firebase-ui-auth:8.0.0] AndroidManifest.xml:91:25-66
151
152                <category android:name="android.intent.category.DEFAULT" />
152-->[com.firebaseui:firebase-ui-auth:8.0.0] AndroidManifest.xml:93:17-76
152-->[com.firebaseui:firebase-ui-auth:8.0.0] AndroidManifest.xml:93:27-73
153                <category android:name="android.intent.category.BROWSABLE" />
153-->[com.firebaseui:firebase-ui-auth:8.0.0] AndroidManifest.xml:94:17-78
153-->[com.firebaseui:firebase-ui-auth:8.0.0] AndroidManifest.xml:94:27-75
154
155                <data
155-->[com.firebaseui:firebase-ui-auth:8.0.0] AndroidManifest.xml:96:17-81
156                    android:host="firebase.auth"
157                    android:path="/"
158                    android:scheme="recaptcha" />
158-->[com.firebaseui:firebase-ui-auth:8.0.0] AndroidManifest.xml:96:23-78
159            </intent-filter>
160        </activity>
161
162        <service
162-->[com.google.firebase:firebase-auth:21.0.1] AndroidManifest.xml:64:9-73:19
163            android:name="com.google.firebase.auth.api.fallback.service.FirebaseAuthFallbackService"
163-->[com.google.firebase:firebase-auth:21.0.1] AndroidManifest.xml:65:13-101
164            android:enabled="true"
164-->[com.google.firebase:firebase-auth:21.0.1] AndroidManifest.xml:66:13-35
165            android:exported="false" >
165-->[com.google.firebase:firebase-auth:21.0.1] AndroidManifest.xml:67:13-37
166            <intent-filter>
166-->[com.google.firebase:firebase-auth:21.0.1] AndroidManifest.xml:68:13-72:29
167                <action android:name="com.google.firebase.auth.api.gms.service.START" />
167-->[com.google.firebase:firebase-auth:21.0.1] AndroidManifest.xml:69:17-89
167-->[com.google.firebase:firebase-auth:21.0.1] AndroidManifest.xml:69:25-86
168
169                <category android:name="android.intent.category.DEFAULT" />
169-->[com.firebaseui:firebase-ui-auth:8.0.0] AndroidManifest.xml:93:17-76
169-->[com.firebaseui:firebase-ui-auth:8.0.0] AndroidManifest.xml:93:27-73
170            </intent-filter>
171        </service>
172        <service
172-->[com.google.firebase:firebase-auth:21.0.1] AndroidManifest.xml:74:9-80:19
173            android:name="com.google.firebase.components.ComponentDiscoveryService"
173-->[com.google.firebase:firebase-auth:21.0.1] AndroidManifest.xml:75:13-84
174            android:directBootAware="true"
174-->[com.google.firebase:firebase-common:20.0.0] AndroidManifest.xml:35:13-43
175            android:exported="false" >
175-->[com.google.firebase:firebase-auth:21.0.1] AndroidManifest.xml:76:13-37
176            <meta-data
176-->[com.google.firebase:firebase-auth:21.0.1] AndroidManifest.xml:77:13-79:85
177                android:name="com.google.firebase.components:com.google.firebase.auth.FirebaseAuthRegistrar"
177-->[com.google.firebase:firebase-auth:21.0.1] AndroidManifest.xml:78:17-109
178                android:value="com.google.firebase.components.ComponentRegistrar" />
178-->[com.google.firebase:firebase-auth:21.0.1] AndroidManifest.xml:79:17-82
179            <meta-data
179-->[com.google.firebase:firebase-firestore:24.0.0] AndroidManifest.xml:20:13-22:85
180                android:name="com.google.firebase.components:com.google.firebase.firestore.FirestoreRegistrar"
180-->[com.google.firebase:firebase-firestore:24.0.0] AndroidManifest.xml:21:17-111
181                android:value="com.google.firebase.components.ComponentRegistrar" />
181-->[com.google.firebase:firebase-firestore:24.0.0] AndroidManifest.xml:22:17-82
182            <meta-data
182-->[com.google.firebase:firebase-storage:20.0.0] AndroidManifest.xml:33:13-35:85
183                android:name="com.google.firebase.components:com.google.firebase.storage.StorageRegistrar"
183-->[com.google.firebase:firebase-storage:20.0.0] AndroidManifest.xml:34:17-107
184                android:value="com.google.firebase.components.ComponentRegistrar" />
184-->[com.google.firebase:firebase-storage:20.0.0] AndroidManifest.xml:35:17-82
185            <meta-data
185-->[com.google.firebase:firebase-database:20.0.2] AndroidManifest.xml:32:13-34:85
186                android:name="com.google.firebase.components:com.google.firebase.database.DatabaseRegistrar"
186-->[com.google.firebase:firebase-database:20.0.2] AndroidManifest.xml:33:17-109
187                android:value="com.google.firebase.components.ComponentRegistrar" />
187-->[com.google.firebase:firebase-database:20.0.2] AndroidManifest.xml:34:17-82
188        </service>
189
190        <provider
190-->[com.google.firebase:firebase-common:20.0.0] AndroidManifest.xml:26:9-31:39
191            android:name="com.google.firebase.provider.FirebaseInitProvider"
191-->[com.google.firebase:firebase-common:20.0.0] AndroidManifest.xml:27:13-77
192            android:authorities="in.exploreit.slc.firebaseinitprovider"
192-->[com.google.firebase:firebase-common:20.0.0] AndroidManifest.xml:28:13-72
193            android:directBootAware="true"
193-->[com.google.firebase:firebase-common:20.0.0] AndroidManifest.xml:29:13-43
194            android:exported="false"
194-->[com.google.firebase:firebase-common:20.0.0] AndroidManifest.xml:30:13-37
195            android:initOrder="100" />
195-->[com.google.firebase:firebase-common:20.0.0] AndroidManifest.xml:31:13-36
196
197        <activity
197-->[com.google.android.gms:play-services-auth:19.0.0] AndroidManifest.xml:23:9-27:75
198            android:name="com.google.android.gms.auth.api.signin.internal.SignInHubActivity"
198-->[com.google.android.gms:play-services-auth:19.0.0] AndroidManifest.xml:24:13-93
199            android:excludeFromRecents="true"
199-->[com.google.android.gms:play-services-auth:19.0.0] AndroidManifest.xml:25:13-46
200            android:exported="false"
200-->[com.google.android.gms:play-services-auth:19.0.0] AndroidManifest.xml:26:13-37
201            android:theme="@android:style/Theme.Translucent.NoTitleBar" />
201-->[com.google.android.gms:play-services-auth:19.0.0] AndroidManifest.xml:27:13-72
202        <!--
203            Service handling Google Sign-In user revocation. For apps that do not integrate with
204            Google Sign-In, this service will never be started.
205        -->
206        <service
206-->[com.google.android.gms:play-services-auth:19.0.0] AndroidManifest.xml:33:9-37:51
207            android:name="com.google.android.gms.auth.api.signin.RevocationBoundService"
207-->[com.google.android.gms:play-services-auth:19.0.0] AndroidManifest.xml:34:13-89
208            android:exported="true"
208-->[com.google.android.gms:play-services-auth:19.0.0] AndroidManifest.xml:35:13-36
209            android:permission="com.google.android.gms.auth.api.signin.permission.REVOCATION_NOTIFICATION"
209-->[com.google.android.gms:play-services-auth:19.0.0] AndroidManifest.xml:36:13-107
210            android:visibleToInstantApps="true" />
210-->[com.google.android.gms:play-services-auth:19.0.0] AndroidManifest.xml:37:13-48
211
212        <activity
212-->[com.google.android.gms:play-services-base:17.1.0] AndroidManifest.xml:23:9-26:75
213            android:name="com.google.android.gms.common.api.GoogleApiActivity"
213-->[com.google.android.gms:play-services-base:17.1.0] AndroidManifest.xml:24:13-79
214            android:exported="false"
214-->[com.google.android.gms:play-services-base:17.1.0] AndroidManifest.xml:25:13-37
215            android:theme="@android:style/Theme.Translucent.NoTitleBar" />
215-->[com.google.android.gms:play-services-base:17.1.0] AndroidManifest.xml:26:13-72
216
217        <provider
217-->[androidx.emoji2:emoji2:1.0.0] AndroidManifest.xml:26:9-34:20
218            android:name="androidx.startup.InitializationProvider"
218-->[androidx.emoji2:emoji2:1.0.0] AndroidManifest.xml:27:13-67
219            android:authorities="in.exploreit.slc.androidx-startup"
219-->[androidx.emoji2:emoji2:1.0.0] AndroidManifest.xml:28:13-68
220            android:exported="false" >
220-->[androidx.emoji2:emoji2:1.0.0] AndroidManifest.xml:29:13-37
221            <meta-data
221-->[androidx.emoji2:emoji2:1.0.0] AndroidManifest.xml:31:13-33:52
222                android:name="androidx.emoji2.text.EmojiCompatInitializer"
222-->[androidx.emoji2:emoji2:1.0.0] AndroidManifest.xml:32:17-75
223                android:value="androidx.startup" />
223-->[androidx.emoji2:emoji2:1.0.0] AndroidManifest.xml:33:17-49
224            <meta-data
224-->[androidx.lifecycle:lifecycle-process:2.4.0] AndroidManifest.xml:31:13-33:52
225                android:name="androidx.lifecycle.ProcessLifecycleInitializer"
225-->[androidx.lifecycle:lifecycle-process:2.4.0] AndroidManifest.xml:32:17-78
226                android:value="androidx.startup" />
226-->[androidx.lifecycle:lifecycle-process:2.4.0] AndroidManifest.xml:33:17-49
227        </provider>
228
229        <uses-library
229-->[androidx.window:window:1.0.0] AndroidManifest.xml:25:9-27:40
230            android:name="androidx.window.extensions"
230-->[androidx.window:window:1.0.0] AndroidManifest.xml:26:13-54
231            android:required="false" />
231-->[androidx.window:window:1.0.0] AndroidManifest.xml:27:13-37
232        <uses-library
232-->[androidx.window:window:1.0.0] AndroidManifest.xml:28:9-30:40
233            android:name="androidx.window.sidecar"
233-->[androidx.window:window:1.0.0] AndroidManifest.xml:29:13-51
234            android:required="false" />
234-->[androidx.window:window:1.0.0] AndroidManifest.xml:30:13-37
235    </application>
236
237</manifest>